{"ts":"2025-11-11T19:29:06.373Z","method":"GET","path":"/api/staff/reservations","status":200,"ip":"::1","user":{"sub":30,"uid":34,"email":"w@w","employee_id":6,"employee_role":"admin","role":"staff"}}
{"ts":"2025-11-11T19:29:06.382Z","method":"GET","path":"/api/rooms","status":200,"ip":"::1","user":{"sub":30,"uid":34,"email":"w@w","employee_id":6,"employee_role":"admin","role":"staff"}}
{"ts":"2025-11-11T19:29:06.455Z","method":"GET","path":"/api/rooms","status":200,"ip":"::1","user":{"sub":30,"uid":34,"email":"w@w","employee_id":6,"employee_role":"admin","role":"staff"}}
{"ts":"2025-11-11T19:29:06.450Z","method":"GET","path":"/api/staff/reservations","status":200,"ip":"::1","user":{"sub":30,"uid":34,"email":"w@w","employee_id":6,"employee_role":"admin","role":"staff"}}
{"ts":"2025-11-11T19:29:33.051Z","method":"GET","path":"/api/admin/employees","status":200,"ip":"::1","user":{"sub":30,"uid":34,"email":"w@w","employee_id":6,"employee_role":"admin","role":"staff"}}
{"ts":"2025-11-11T19:29:33.124Z","method":"GET","path":"/api/admin/employees","status":200,"ip":"::1","user":{"sub":30,"uid":34,"email":"w@w","employee_id":6,"employee_role":"admin","role":"staff"}}
{"ts":"2025-11-11T19:29:33.243Z","method":"GET","path":"/api/admin/overview","status":200,"ip":"::1","user":{"sub":30,"uid":34,"email":"w@w","employee_id":6,"employee_role":"admin","role":"staff"}}
{"ts":"2025-11-11T19:29:33.480Z","method":"GET","path":"/api/admin/overview","status":200,"ip":"::1","user":{"sub":30,"uid":34,"email":"w@w","employee_id":6,"employee_role":"admin","role":"staff"}}
{"ts":"2025-11-11T19:29:35.255Z","method":"GET","path":"/api/admin/activity","status":200,"ip":"::1","user":{"sub":30,"uid":34,"email":"w@w","employee_id":6,"employee_role":"admin","role":"staff"}}
{"ts":"2025-11-11T19:29:41.563Z","method":"GET","path":"/api/admin/activity","status":200,"ip":"::1","user":{"sub":30,"uid":34,"email":"w@w","employee_id":6,"employee_role":"admin","role":"staff"}}
{"ts":"2025-11-11T19:29:44.834Z","method":"GET","path":"/api/admin/activity","status":200,"ip":"::1","user":{"sub":30,"uid":34,"email":"w@w","employee_id":6,"employee_role":"admin","role":"staff"}}
{"ts":"2025-11-11T19:30:23.902Z","method":"GET","path":"/api/admin/employees","status":200,"ip":"::1","user":{"sub":30,"uid":34,"email":"w@w","employee_id":6,"employee_role":"admin","role":"staff"}}
{"ts":"2025-11-11T19:30:23.966Z","method":"GET","path":"/api/admin/employees","status":200,"ip":"::1","user":{"sub":30,"uid":34,"email":"w@w","employee_id":6,"employee_role":"admin","role":"staff"}}
{"ts":"2025-11-11T19:30:24.067Z","method":"GET","path":"/api/admin/overview","status":200,"ip":"::1","user":{"sub":30,"uid":34,"email":"w@w","employee_id":6,"employee_role":"admin","role":"staff"}}
{"ts":"2025-11-11T19:30:24.245Z","method":"GET","path":"/api/staff/loans/active","status":200,"ip":"::1","user":{"sub":30,"uid":34,"email":"w@w","employee_id":6,"employee_role":"admin","role":"staff"}}
{"ts":"2025-11-11T19:30:24.293Z","method":"GET","path":"/api/staff/fines","status":200,"ip":"::1","user":{"sub":30,"uid":34,"email":"w@w","employee_id":6,"employee_role":"admin","role":"staff"}}
{"ts":"2025-11-11T19:30:24.287Z","method":"GET","path":"/api/staff/reservations","status":200,"ip":"::1","user":{"sub":30,"uid":34,"email":"w@w","employee_id":6,"employee_role":"admin","role":"staff"}}
{"ts":"2025-11-11T19:30:24.312Z","method":"GET","path":"/api/staff/loans/active","status":200,"ip":"::1","user":{"sub":30,"uid":34,"email":"w@w","employee_id":6,"employee_role":"admin","role":"staff"}}
{"ts":"2025-11-11T19:30:24.317Z","method":"GET","path":"/api/admin/overview","status":200,"ip":"::1","user":{"sub":30,"uid":34,"email":"w@w","employee_id":6,"employee_role":"admin","role":"staff"}}
{"ts":"2025-11-11T19:30:24.356Z","method":"GET","path":"/api/staff/reservations","status":200,"ip":"::1","user":{"sub":30,"uid":34,"email":"w@w","employee_id":6,"employee_role":"admin","role":"staff"}}
{"ts":"2025-11-11T19:30:24.425Z","method":"GET","path":"/api/staff/fines","status":200,"ip":"::1","user":{"sub":30,"uid":34,"email":"w@w","employee_id":6,"employee_role":"admin","role":"staff"}}
{"ts":"2025-11-11T19:30:25.558Z","method":"GET","path":"/api/admin/activity","status":200,"ip":"::1","user":{"sub":30,"uid":34,"email":"w@w","employee_id":6,"employee_role":"admin","role":"staff"}}
{"ts":"2025-11-11T19:34:42.836Z","method":"GET","path":"/api/admin/employees","status":200,"ip":"::1","user":{"sub":30,"uid":34,"email":"w@w","employee_id":6,"employee_role":"admin","role":"staff"}}
{"ts":"2025-11-11T19:34:42.848Z","method":"GET","path":"/api/staff/loans/active","status":200,"ip":"::1","user":{"sub":30,"uid":34,"email":"w@w","employee_id":6,"employee_role":"admin","role":"staff"}}
{"ts":"2025-11-11T19:34:42.854Z","method":"GET","path":"/api/staff/reservations","status":200,"ip":"::1","user":{"sub":30,"uid":34,"email":"w@w","employee_id":6,"employee_role":"admin","role":"staff"}}
{"ts":"2025-11-11T19:34:42.902Z","method":"GET","path":"/api/admin/employees","status":200,"ip":"::1","user":{"sub":30,"uid":34,"email":"w@w","employee_id":6,"employee_role":"admin","role":"staff"}}
{"ts":"2025-11-11T19:34:42.908Z","method":"GET","path":"/api/staff/fines","status":200,"ip":"::1","user":{"sub":30,"uid":34,"email":"w@w","employee_id":6,"employee_role":"admin","role":"staff"}}
{"ts":"2025-11-11T19:34:42.924Z","method":"GET","path":"/api/staff/loans/active","status":200,"ip":"::1","user":{"sub":30,"uid":34,"email":"w@w","employee_id":6,"employee_role":"admin","role":"staff"}}
{"ts":"2025-11-11T19:34:42.928Z","method":"GET","path":"/api/staff/reservations","status":200,"ip":"::1","user":{"sub":30,"uid":34,"email":"w@w","employee_id":6,"employee_role":"admin","role":"staff"}}
{"ts":"2025-11-11T19:34:43.045Z","method":"GET","path":"/api/staff/fines","status":200,"ip":"::1","user":{"sub":30,"uid":34,"email":"w@w","employee_id":6,"employee_role":"admin","role":"staff"}}
{"ts":"2025-11-11T19:34:43.038Z","method":"GET","path":"/api/admin/overview","status":200,"ip":"::1","user":{"sub":30,"uid":34,"email":"w@w","employee_id":6,"employee_role":"admin","role":"staff"}}
{"ts":"2025-11-11T19:34:43.276Z","method":"GET","path":"/api/admin/overview","status":200,"ip":"::1","user":{"sub":30,"uid":34,"email":"w@w","employee_id":6,"employee_role":"admin","role":"staff"}}
{"ts":"2025-11-11T19:34:44.500Z","method":"GET","path":"/api/admin/activity","status":200,"ip":"::1","user":{"sub":30,"uid":34,"email":"w@w","employee_id":6,"employee_role":"admin","role":"staff"}}
{"ts":"2025-11-11T19:34:47.032Z","method":"GET","path":"/api/admin/activity","status":200,"ip":"::1","user":{"sub":30,"uid":34,"email":"w@w","employee_id":6,"employee_role":"admin","role":"staff"}}
{"ts":"2025-11-11T19:34:51.564Z","method":"GET","path":"/api/admin/activity","status":200,"ip":"::1","user":{"sub":30,"uid":34,"email":"w@w","employee_id":6,"employee_role":"admin","role":"staff"}}
{"ts":"2025-11-11T19:35:18.670Z","method":"GET","path":"/api/admin/employees","status":200,"ip":"::1","user":{"sub":30,"uid":34,"email":"w@w","employee_id":6,"employee_role":"admin","role":"staff"}}
{"ts":"2025-11-11T19:35:18.830Z","method":"GET","path":"/api/admin/overview","status":200,"ip":"::1","user":{"sub":30,"uid":34,"email":"w@w","employee_id":6,"employee_role":"admin","role":"staff"}}
{"ts":"2025-11-11T19:36:04.033Z","method":"GET","path":"/api/reports/transactions","status":200,"ip":"::1","user":{"sub":30,"uid":34,"email":"w@w","employee_id":6,"employee_role":"admin","role":"staff"}}
{"ts":"2025-11-11T19:39:30.485Z","method":"GET","path":"/api/reports/transactions","status":200,"ip":"::1","user":{"sub":30,"uid":34,"email":"w@w","employee_id":6,"employee_role":"admin","role":"staff"}}
{"ts":"2025-11-11T19:39:34.342Z","method":"GET","path":"/api/reports/transactions","status":200,"ip":"::1","user":{"sub":30,"uid":34,"email":"w@w","employee_id":6,"employee_role":"admin","role":"staff"}}
{"ts":"2025-11-11T19:39:34.346Z","method":"GET","path":"/api/admin/employees","status":200,"ip":"::1","user":{"sub":30,"uid":34,"email":"w@w","employee_id":6,"employee_role":"admin","role":"staff"}}
{"ts":"2025-11-11T19:39:34.508Z","method":"GET","path":"/api/admin/overview","status":200,"ip":"::1","user":{"sub":30,"uid":34,"email":"w@w","employee_id":6,"employee_role":"admin","role":"staff"}}
{"ts":"2025-11-11T19:39:50.677Z","method":"GET","path":"/api/reports/overdue","status":200,"ip":"::1","user":{"sub":30,"uid":34,"email":"w@w","employee_id":6,"employee_role":"admin","role":"staff"}}
{"ts":"2025-11-11T19:39:50.747Z","method":"GET","path":"/api/reports/overdue","status":200,"ip":"::1","user":{"sub":30,"uid":34,"email":"w@w","employee_id":6,"employee_role":"admin","role":"staff"}}
{"ts":"2025-11-11T19:39:51.970Z","method":"GET","path":"/api/reports/transactions","status":200,"ip":"::1","user":{"sub":30,"uid":34,"email":"w@w","employee_id":6,"employee_role":"admin","role":"staff"}}
{"ts":"2025-11-11T19:40:01.226Z","method":"GET","path":"/api/reports/new-patrons-monthly","status":200,"ip":"::1","user":{"sub":30,"uid":34,"email":"w@w","employee_id":6,"employee_role":"admin","role":"staff"}}
{"ts":"2025-11-11T19:40:02.523Z","method":"GET","path":"/api/reports/transactions","status":200,"ip":"::1","user":{"sub":30,"uid":34,"email":"w@w","employee_id":6,"employee_role":"admin","role":"staff"}}
{"ts":"2025-11-11T19:40:03.962Z","method":"GET","path":"/api/reports/new-patrons-monthly","status":200,"ip":"::1","user":{"sub":30,"uid":34,"email":"w@w","employee_id":6,"employee_role":"admin","role":"staff"}}
{"ts":"2025-11-11T19:40:05.386Z","method":"GET","path":"/api/reports/transactions","status":200,"ip":"::1","user":{"sub":30,"uid":34,"email":"w@w","employee_id":6,"employee_role":"admin","role":"staff"}}
{"ts":"2025-11-11T19:40:10.022Z","method":"GET","path":"/api/reports/new-patrons-monthly","status":200,"ip":"::1","user":{"sub":30,"uid":34,"email":"w@w","employee_id":6,"employee_role":"admin","role":"staff"}}
{"ts":"2025-11-11T19:40:13.062Z","method":"GET","path":"/api/reports/transactions","status":200,"ip":"::1","user":{"sub":30,"uid":34,"email":"w@w","employee_id":6,"employee_role":"admin","role":"staff"}}
{"ts":"2025-11-11T19:40:15.879Z","method":"GET","path":"/api/admin/employees","status":200,"ip":"::1","user":{"sub":30,"uid":34,"email":"w@w","employee_id":6,"employee_role":"admin","role":"staff"}}
{"ts":"2025-11-11T19:40:15.944Z","method":"GET","path":"/api/admin/employees","status":200,"ip":"::1","user":{"sub":30,"uid":34,"email":"w@w","employee_id":6,"employee_role":"admin","role":"staff"}}
{"ts":"2025-11-11T19:40:16.061Z","method":"GET","path":"/api/admin/overview","status":200,"ip":"::1","user":{"sub":30,"uid":34,"email":"w@w","employee_id":6,"employee_role":"admin","role":"staff"}}
{"ts":"2025-11-11T19:40:16.301Z","method":"GET","path":"/api/admin/overview","status":200,"ip":"::1","user":{"sub":30,"uid":34,"email":"w@w","employee_id":6,"employee_role":"admin","role":"staff"}}
{"ts":"2025-11-11T19:40:17.857Z","method":"GET","path":"/api/reports/transactions","status":200,"ip":"::1","user":{"sub":30,"uid":34,"email":"w@w","employee_id":6,"employee_role":"admin","role":"staff"}}
{"ts":"2025-11-11T19:42:04.881Z","method":"GET","path":"/api/admin/employees","status":200,"ip":"::1","user":{"sub":30,"uid":34,"email":"w@w","employee_id":6,"employee_role":"admin","role":"staff"}}
{"ts":"2025-11-11T19:42:05.053Z","method":"GET","path":"/api/admin/overview","status":200,"ip":"::1","user":{"sub":30,"uid":34,"email":"w@w","employee_id":6,"employee_role":"admin","role":"staff"}}
{"ts":"2025-11-11T19:43:53.017Z","method":"GET","path":"/api/reports/transactions","status":200,"ip":"::1","user":{"sub":30,"uid":34,"email":"w@w","employee_id":6,"employee_role":"admin","role":"staff"}}
{"ts":"2025-11-11T19:43:53.024Z","method":"GET","path":"/api/admin/accounts/creations","status":200,"ip":"::1","user":{"sub":30,"uid":34,"email":"w@w","employee_id":6,"employee_role":"admin","role":"staff"}}
{"ts":"2025-11-11T19:45:14.898Z","method":"GET","path":"/api/reports/overdue","status":200,"ip":"::1","user":{"sub":30,"uid":34,"email":"w@w","employee_id":6,"employee_role":"admin","role":"staff"}}
{"ts":"2025-11-11T19:45:14.968Z","method":"GET","path":"/api/reports/overdue","status":200,"ip":"::1","user":{"sub":30,"uid":34,"email":"w@w","employee_id":6,"employee_role":"admin","role":"staff"}}
{"ts":"2025-11-11T19:45:17.544Z","method":"GET","path":"/api/reports/balances","status":200,"ip":"::1","user":{"sub":30,"uid":34,"email":"w@w","employee_id":6,"employee_role":"admin","role":"staff"}}
{"ts":"2025-11-11T19:45:18.476Z","method":"GET","path":"/api/reports/top-items","status":200,"ip":"::1","user":{"sub":30,"uid":34,"email":"w@w","employee_id":6,"employee_role":"admin","role":"staff"}}
{"ts":"2025-11-11T19:45:20.962Z","method":"GET","path":"/api/reports/new-patrons-monthly","status":200,"ip":"::1","user":{"sub":30,"uid":34,"email":"w@w","employee_id":6,"employee_role":"admin","role":"staff"}}
{"ts":"2025-11-11T19:45:22.191Z","method":"GET","path":"/api/reports/transactions","status":200,"ip":"::1","user":{"sub":30,"uid":34,"email":"w@w","employee_id":6,"employee_role":"admin","role":"staff"}}
{"ts":"2025-11-11T19:45:29.162Z","method":"GET","path":"/api/admin/employees","status":200,"ip":"::1","user":{"sub":30,"uid":34,"email":"w@w","employee_id":6,"employee_role":"admin","role":"staff"}}
{"ts":"2025-11-11T19:45:29.228Z","method":"GET","path":"/api/admin/employees","status":200,"ip":"::1","user":{"sub":30,"uid":34,"email":"w@w","employee_id":6,"employee_role":"admin","role":"staff"}}
{"ts":"2025-11-11T19:45:29.331Z","method":"GET","path":"/api/admin/overview","status":200,"ip":"::1","user":{"sub":30,"uid":34,"email":"w@w","employee_id":6,"employee_role":"admin","role":"staff"}}
{"ts":"2025-11-11T19:45:29.561Z","method":"GET","path":"/api/admin/overview","status":200,"ip":"::1","user":{"sub":30,"uid":34,"email":"w@w","employee_id":6,"employee_role":"admin","role":"staff"}}
{"ts":"2025-11-11T19:45:30.630Z","method":"GET","path":"/api/admin/accounts/creations","status":200,"ip":"::1","user":{"sub":30,"uid":34,"email":"w@w","employee_id":6,"employee_role":"admin","role":"staff"}}
{"ts":"2025-11-11T19:45:30.625Z","method":"GET","path":"/api/reports/transactions","status":200,"ip":"::1","user":{"sub":30,"uid":34,"email":"w@w","employee_id":6,"employee_role":"admin","role":"staff"}}
{"ts":"2025-11-11T19:45:36.173Z","method":"GET","path":"/api/admin/employees","status":200,"ip":"::1","user":{"sub":30,"uid":34,"email":"w@w","employee_id":6,"employee_role":"admin","role":"staff"}}
{"ts":"2025-11-11T19:45:36.339Z","method":"GET","path":"/api/admin/overview","status":200,"ip":"::1","user":{"sub":30,"uid":34,"email":"w@w","employee_id":6,"employee_role":"admin","role":"staff"}}
{"ts":"2025-11-11T19:45:36.554Z","method":"GET","path":"/api/reports/transactions","status":200,"ip":"::1","user":{"sub":30,"uid":34,"email":"w@w","employee_id":6,"employee_role":"admin","role":"staff"}}
{"ts":"2025-11-11T19:45:36.705Z","method":"GET","path":"/api/admin/accounts/creations","status":200,"ip":"::1","user":{"sub":30,"uid":34,"email":"w@w","employee_id":6,"employee_role":"admin","role":"staff"}}
{"ts":"2025-11-11T19:45:40.703Z","method":"GET","path":"/api/reports/transactions","status":200,"ip":"::1","user":{"sub":30,"uid":34,"email":"w@w","employee_id":6,"employee_role":"admin","role":"staff"}}
{"ts":"2025-11-11T19:45:40.710Z","method":"GET","path":"/api/admin/accounts/creations","status":200,"ip":"::1","user":{"sub":30,"uid":34,"email":"w@w","employee_id":6,"employee_role":"admin","role":"staff"}}
{"ts":"2025-11-11T19:45:44.348Z","method":"GET","path":"/api/reports/transactions","status":200,"ip":"::1","user":{"sub":30,"uid":34,"email":"w@w","employee_id":6,"employee_role":"admin","role":"staff"}}
{"ts":"2025-11-11T19:45:44.353Z","method":"GET","path":"/api/admin/accounts/creations","status":200,"ip":"::1","user":{"sub":30,"uid":34,"email":"w@w","employee_id":6,"employee_role":"admin","role":"staff"}}
{"ts":"2025-11-11T19:45:44.358Z","method":"GET","path":"/api/admin/employees","status":200,"ip":"::1","user":{"sub":30,"uid":34,"email":"w@w","employee_id":6,"employee_role":"admin","role":"staff"}}
{"ts":"2025-11-11T19:45:44.525Z","method":"GET","path":"/api/admin/overview","status":200,"ip":"::1","user":{"sub":30,"uid":34,"email":"w@w","employee_id":6,"employee_role":"admin","role":"staff"}}
{"ts":"2025-11-11T19:46:11.073Z","method":"GET","path":"/api/rooms","status":200,"ip":"::1","user":{"sub":30,"uid":34,"email":"w@w","employee_id":6,"employee_role":"admin","role":"staff"}}
{"ts":"2025-11-11T19:46:11.068Z","method":"GET","path":"/api/staff/reservations","status":200,"ip":"::1","user":{"sub":30,"uid":34,"email":"w@w","employee_id":6,"employee_role":"admin","role":"staff"}}
{"ts":"2025-11-11T19:46:11.136Z","method":"GET","path":"/api/rooms","status":200,"ip":"::1","user":{"sub":30,"uid":34,"email":"w@w","employee_id":6,"employee_role":"admin","role":"staff"}}
{"ts":"2025-11-11T19:46:11.141Z","method":"GET","path":"/api/staff/reservations","status":200,"ip":"::1","user":{"sub":30,"uid":34,"email":"w@w","employee_id":6,"employee_role":"admin","role":"staff"}}
{"ts":"2025-11-11T19:46:13.778Z","method":"GET","path":"/api/reports/overdue","status":200,"ip":"::1","user":{"sub":30,"uid":34,"email":"w@w","employee_id":6,"employee_role":"admin","role":"staff"}}
{"ts":"2025-11-11T19:46:13.871Z","method":"GET","path":"/api/reports/overdue","status":200,"ip":"::1","user":{"sub":30,"uid":34,"email":"w@w","employee_id":6,"employee_role":"admin","role":"staff"}}
{"ts":"2025-11-11T19:46:18.996Z","method":"GET","path":"/api/reports/overdue","status":200,"ip":"::1","user":{"sub":30,"uid":34,"email":"w@w","employee_id":6,"employee_role":"admin","role":"staff"}}
{"ts":"2025-11-11T19:46:23.637Z","method":"GET","path":"/api/reports/overdue","status":200,"ip":"::1","user":{"sub":30,"uid":34,"email":"w@w","employee_id":6,"employee_role":"admin","role":"staff"}}
{"ts":"2025-11-11T19:46:23.792Z","method":"GET","path":"/api/reports/overdue","status":200,"ip":"::1","user":{"sub":30,"uid":34,"email":"w@w","employee_id":6,"employee_role":"admin","role":"staff"}}
{"ts":"2025-11-11T19:46:23.939Z","method":"GET","path":"/api/reports/overdue","status":200,"ip":"::1","user":{"sub":30,"uid":34,"email":"w@w","employee_id":6,"employee_role":"admin","role":"staff"}}
{"ts":"2025-11-11T19:46:24.100Z","method":"GET","path":"/api/reports/overdue","status":200,"ip":"::1","user":{"sub":30,"uid":34,"email":"w@w","employee_id":6,"employee_role":"admin","role":"staff"}}
{"ts":"2025-11-11T19:46:26.289Z","method":"GET","path":"/api/reports/overdue","status":200,"ip":"::1","user":{"sub":30,"uid":34,"email":"w@w","employee_id":6,"employee_role":"admin","role":"staff"}}
{"ts":"2025-11-11T19:46:27.229Z","method":"GET","path":"/api/reports/overdue","status":200,"ip":"::1","user":{"sub":30,"uid":34,"email":"w@w","employee_id":6,"employee_role":"admin","role":"staff"}}
{"ts":"2025-11-11T19:46:30.926Z","method":"GET","path":"/api/reports/overdue","status":200,"ip":"::1","user":{"sub":30,"uid":34,"email":"w@w","employee_id":6,"employee_role":"admin","role":"staff"}}
{"ts":"2025-11-11T19:46:31.272Z","method":"GET","path":"/api/reports/overdue","status":200,"ip":"::1","user":{"sub":30,"uid":34,"email":"w@w","employee_id":6,"employee_role":"admin","role":"staff"}}
{"ts":"2025-11-11T19:46:31.566Z","method":"GET","path":"/api/reports/overdue","status":200,"ip":"::1","user":{"sub":30,"uid":34,"email":"w@w","employee_id":6,"employee_role":"admin","role":"staff"}}
{"ts":"2025-11-11T19:46:34.522Z","method":"GET","path":"/api/reports/overdue","status":200,"ip":"::1","user":{"sub":30,"uid":34,"email":"w@w","employee_id":6,"employee_role":"admin","role":"staff"}}
{"ts":"2025-11-11T19:46:38.933Z","method":"GET","path":"/api/reports/overdue","status":200,"ip":"::1","user":{"sub":30,"uid":34,"email":"w@w","employee_id":6,"employee_role":"admin","role":"staff"}}
{"ts":"2025-11-11T19:46:39.124Z","method":"GET","path":"/api/reports/overdue","status":200,"ip":"::1","user":{"sub":30,"uid":34,"email":"w@w","employee_id":6,"employee_role":"admin","role":"staff"}}
{"ts":"2025-11-11T19:46:39.490Z","method":"GET","path":"/api/reports/overdue","status":200,"ip":"::1","user":{"sub":30,"uid":34,"email":"w@w","employee_id":6,"employee_role":"admin","role":"staff"}}
{"ts":"2025-11-11T19:46:39.658Z","method":"GET","path":"/api/reports/overdue","status":200,"ip":"::1","user":{"sub":30,"uid":34,"email":"w@w","employee_id":6,"employee_role":"admin","role":"staff"}}
{"ts":"2025-11-11T19:46:39.823Z","method":"GET","path":"/api/reports/overdue","status":200,"ip":"::1","user":{"sub":30,"uid":34,"email":"w@w","employee_id":6,"employee_role":"admin","role":"staff"}}
{"ts":"2025-11-11T19:46:40.087Z","method":"GET","path":"/api/reports/overdue","status":200,"ip":"::1","user":{"sub":30,"uid":34,"email":"w@w","employee_id":6,"employee_role":"admin","role":"staff"}}
{"ts":"2025-11-11T19:46:40.205Z","method":"GET","path":"/api/reports/overdue","status":200,"ip":"::1","user":{"sub":30,"uid":34,"email":"w@w","employee_id":6,"employee_role":"admin","role":"staff"}}
{"ts":"2025-11-11T19:46:45.957Z","method":"GET","path":"/api/reports/overdue","status":200,"ip":"::1","user":{"sub":30,"uid":34,"email":"w@w","employee_id":6,"employee_role":"admin","role":"staff"}}
{"ts":"2025-11-11T19:46:49.343Z","method":"GET","path":"/api/staff/fines","status":200,"ip":"::1","user":{"sub":30,"uid":34,"email":"w@w","employee_id":6,"employee_role":"admin","role":"staff"}}
{"ts":"2025-11-11T19:46:56.674Z","method":"GET","path":"/api/reports/balances","status":200,"ip":"::1","user":{"sub":30,"uid":34,"email":"w@w","employee_id":6,"employee_role":"admin","role":"staff"}}
{"ts":"2025-11-11T19:46:59.149Z","method":"GET","path":"/api/reports/top-items","status":200,"ip":"::1","user":{"sub":30,"uid":34,"email":"w@w","employee_id":6,"employee_role":"admin","role":"staff"}}
{"ts":"2025-11-11T19:47:01.304Z","method":"GET","path":"/api/reports/new-patrons-monthly","status":200,"ip":"::1","user":{"sub":30,"uid":34,"email":"w@w","employee_id":6,"employee_role":"admin","role":"staff"}}
{"ts":"2025-11-11T19:47:02.436Z","method":"GET","path":"/api/reports/top-items","status":200,"ip":"::1","user":{"sub":30,"uid":34,"email":"w@w","employee_id":6,"employee_role":"admin","role":"staff"}}
{"ts":"2025-11-11T19:47:12.780Z","method":"GET","path":"/api/reports/balances","status":200,"ip":"::1","user":{"sub":30,"uid":34,"email":"w@w","employee_id":6,"employee_role":"admin","role":"staff"}}
{"ts":"2025-11-11T19:47:17.354Z","method":"GET","path":"/api/reports/top-items","status":200,"ip":"::1","user":{"sub":30,"uid":34,"email":"w@w","employee_id":6,"employee_role":"admin","role":"staff"}}
{"ts":"2025-11-11T19:47:18.765Z","method":"GET","path":"/api/staff/fines","status":200,"ip":"::1","user":{"sub":30,"uid":34,"email":"w@w","employee_id":6,"employee_role":"admin","role":"staff"}}
{"ts":"2025-11-11T19:47:26.039Z","method":"GET","path":"/api/reports/balances","status":200,"ip":"::1","user":{"sub":30,"uid":34,"email":"w@w","employee_id":6,"employee_role":"admin","role":"staff"}}
{"ts":"2025-11-11T19:47:26.983Z","method":"GET","path":"/api/reports/top-items","status":200,"ip":"::1","user":{"sub":30,"uid":34,"email":"w@w","employee_id":6,"employee_role":"admin","role":"staff"}}
{"ts":"2025-11-11T19:47:28.207Z","method":"GET","path":"/api/reports/balances","status":200,"ip":"::1","user":{"sub":30,"uid":34,"email":"w@w","employee_id":6,"employee_role":"admin","role":"staff"}}
{"ts":"2025-11-11T19:47:36.342Z","method":"GET","path":"/api/rooms","status":200,"ip":"::1","user":{"sub":30,"uid":34,"email":"w@w","employee_id":6,"employee_role":"admin","role":"staff"}}
{"ts":"2025-11-11T19:47:36.336Z","method":"GET","path":"/api/staff/reservations","status":200,"ip":"::1","user":{"sub":30,"uid":34,"email":"w@w","employee_id":6,"employee_role":"admin","role":"staff"}}
{"ts":"2025-11-11T19:47:36.405Z","method":"GET","path":"/api/rooms","status":200,"ip":"::1","user":{"sub":30,"uid":34,"email":"w@w","employee_id":6,"employee_role":"admin","role":"staff"}}
{"ts":"2025-11-11T19:47:36.410Z","method":"GET","path":"/api/staff/reservations","status":200,"ip":"::1","user":{"sub":30,"uid":34,"email":"w@w","employee_id":6,"employee_role":"admin","role":"staff"}}
{"ts":"2025-11-11T19:47:50.888Z","method":"GET","path":"/api/staff/loans/active","status":200,"ip":"::1","user":{"sub":30,"uid":34,"email":"w@w","employee_id":6,"employee_role":"admin","role":"staff"}}
{"ts":"2025-11-11T19:48:13.488Z","method":"GET","path":"/api/staff/holds","status":200,"ip":"::1","user":{"sub":30,"uid":34,"email":"w@w","employee_id":6,"employee_role":"admin","role":"staff"}}
{"ts":"2025-11-11T19:48:13.559Z","method":"GET","path":"/api/staff/holds","status":200,"ip":"::1","user":{"sub":30,"uid":34,"email":"w@w","employee_id":6,"employee_role":"admin","role":"staff"}}
{"ts":"2025-11-11T19:48:31.508Z","method":"GET","path":"/api/staff/loans/active","status":200,"ip":"::1","user":{"sub":30,"uid":34,"email":"w@w","employee_id":6,"employee_role":"admin","role":"staff"}}
{"ts":"2025-11-11T19:48:44.007Z","method":"GET","path":"/api/staff/holds","status":200,"ip":"::1","user":{"sub":30,"uid":34,"email":"w@w","employee_id":6,"employee_role":"admin","role":"staff"}}
{"ts":"2025-11-11T19:48:44.077Z","method":"GET","path":"/api/staff/holds","status":200,"ip":"::1","user":{"sub":30,"uid":34,"email":"w@w","employee_id":6,"employee_role":"admin","role":"staff"}}
{"ts":"2025-11-11T19:48:51.139Z","method":"GET","path":"/api/staff/loans/active","status":200,"ip":"::1","user":{"sub":30,"uid":34,"email":"w@w","employee_id":6,"employee_role":"admin","role":"staff"}}
{"ts":"2025-11-11T19:49:11.225Z","method":"GET","path":"/api/rooms","status":200,"ip":"::1","user":{"sub":30,"uid":34,"email":"w@w","employee_id":6,"employee_role":"admin","role":"staff"}}
{"ts":"2025-11-11T19:49:11.231Z","method":"GET","path":"/api/staff/reservations","status":200,"ip":"::1","user":{"sub":30,"uid":34,"email":"w@w","employee_id":6,"employee_role":"admin","role":"staff"}}
{"ts":"2025-11-11T19:49:11.298Z","method":"GET","path":"/api/rooms","status":200,"ip":"::1","user":{"sub":30,"uid":34,"email":"w@w","employee_id":6,"employee_role":"admin","role":"staff"}}
{"ts":"2025-11-11T19:49:11.302Z","method":"GET","path":"/api/staff/reservations","status":200,"ip":"::1","user":{"sub":30,"uid":34,"email":"w@w","employee_id":6,"employee_role":"admin","role":"staff"}}
{"ts":"2025-11-11T19:50:19.611Z","method":"GET","path":"/api/reports/overdue","status":200,"ip":"::1","user":{"sub":30,"uid":34,"email":"w@w","employee_id":6,"employee_role":"admin","role":"staff"}}
{"ts":"2025-11-11T19:50:19.684Z","method":"GET","path":"/api/reports/overdue","status":200,"ip":"::1","user":{"sub":30,"uid":34,"email":"w@w","employee_id":6,"employee_role":"admin","role":"staff"}}
{"ts":"2025-11-11T19:50:23.179Z","method":"GET","path":"/api/reports/balances","status":200,"ip":"::1","user":{"sub":30,"uid":34,"email":"w@w","employee_id":6,"employee_role":"admin","role":"staff"}}
{"ts":"2025-11-11T19:51:31.335Z","method":"GET","path":"/api/reports/top-items","status":200,"ip":"::1","user":{"sub":30,"uid":34,"email":"w@w","employee_id":6,"employee_role":"admin","role":"staff"}}
{"ts":"2025-11-11T19:51:32.324Z","method":"GET","path":"/api/reports/new-patrons-monthly","status":200,"ip":"::1","user":{"sub":30,"uid":34,"email":"w@w","employee_id":6,"employee_role":"admin","role":"staff"}}
{"ts":"2025-11-11T19:51:33.441Z","method":"GET","path":"/api/reports/transactions","status":200,"ip":"::1","user":{"sub":30,"uid":34,"email":"w@w","employee_id":6,"employee_role":"admin","role":"staff"}}
{"ts":"2025-11-11T19:51:39.192Z","method":"GET","path":"/api/reports/top-items","status":200,"ip":"::1","user":{"sub":30,"uid":34,"email":"w@w","employee_id":6,"employee_role":"admin","role":"staff"}}
{"ts":"2025-11-11T19:51:40.303Z","method":"GET","path":"/api/reports/new-patrons-monthly","status":200,"ip":"::1","user":{"sub":30,"uid":34,"email":"w@w","employee_id":6,"employee_role":"admin","role":"staff"}}
{"ts":"2025-11-11T19:51:41.199Z","method":"GET","path":"/api/reports/top-items","status":200,"ip":"::1","user":{"sub":30,"uid":34,"email":"w@w","employee_id":6,"employee_role":"admin","role":"staff"}}
{"ts":"2025-11-11T19:51:42.170Z","method":"GET","path":"/api/reports/transactions","status":200,"ip":"::1","user":{"sub":30,"uid":34,"email":"w@w","employee_id":6,"employee_role":"admin","role":"staff"}}
{"ts":"2025-11-11T19:51:53.033Z","method":"GET","path":"/api/reports/new-patrons-monthly","status":200,"ip":"::1","user":{"sub":30,"uid":34,"email":"w@w","employee_id":6,"employee_role":"admin","role":"staff"}}
{"ts":"2025-11-11T19:51:54.539Z","method":"GET","path":"/api/reports/top-items","status":200,"ip":"::1","user":{"sub":30,"uid":34,"email":"w@w","employee_id":6,"employee_role":"admin","role":"staff"}}
{"ts":"2025-11-11T19:51:56.065Z","method":"GET","path":"/api/reports/new-patrons-monthly","status":200,"ip":"::1","user":{"sub":30,"uid":34,"email":"w@w","employee_id":6,"employee_role":"admin","role":"staff"}}
{"ts":"2025-11-11T19:51:57.528Z","method":"GET","path":"/api/reports/top-items","status":200,"ip":"::1","user":{"sub":30,"uid":34,"email":"w@w","employee_id":6,"employee_role":"admin","role":"staff"}}
{"ts":"2025-11-11T19:52:21.409Z","method":"GET","path":"/api/admin/employees","status":200,"ip":"::1","user":{"sub":30,"uid":34,"email":"w@w","employee_id":6,"employee_role":"admin","role":"staff"}}
{"ts":"2025-11-11T19:52:21.477Z","method":"GET","path":"/api/admin/employees","status":200,"ip":"::1","user":{"sub":30,"uid":34,"email":"w@w","employee_id":6,"employee_role":"admin","role":"staff"}}
{"ts":"2025-11-11T19:52:21.572Z","method":"GET","path":"/api/admin/overview","status":200,"ip":"::1","user":{"sub":30,"uid":34,"email":"w@w","employee_id":6,"employee_role":"admin","role":"staff"}}
{"ts":"2025-11-11T19:52:21.801Z","method":"GET","path":"/api/admin/overview","status":200,"ip":"::1","user":{"sub":30,"uid":34,"email":"w@w","employee_id":6,"employee_role":"admin","role":"staff"}}
{"ts":"2025-11-11T19:52:22.841Z","method":"GET","path":"/api/reports/transactions","status":200,"ip":"::1","user":{"sub":30,"uid":34,"email":"w@w","employee_id":6,"employee_role":"admin","role":"staff"}}
{"ts":"2025-11-11T19:52:22.846Z","method":"GET","path":"/api/admin/accounts/creations","status":200,"ip":"::1","user":{"sub":30,"uid":34,"email":"w@w","employee_id":6,"employee_role":"admin","role":"staff"}}
